# JRE version: OpenJDK Runtime Environment Temurin-21.0.8+9 (21.0.8+9) (build 21.0.8+9-LTS)
# Java VM: OpenJDK 64-Bit Server VM Temurin-21.0.8+9 (21.0.8+9-LTS, mixed mode, sharing, tiered, compressed oops, compressed class ptrs, parallel gc, windows-amd64)
GC Precious Log:
 CardTable entry size: 512
 CPUs: 12 total, 12 available
 Memory: 7529M
 Large Page Support: Disabled
 NUMA Support: Disabled
 Compressed Oops: Enabled (32-bit)
 Alignments: Space 512K, Generation 512K, Heap 2M
 Heap Min Capacity: 100M
 Heap Initial Capacity: 100M
 Heap Max Capacity: 2G
 Pre-touch: Disabled
 Parallel Workers: 10
Heap:
 PSYoungGen      total 3584K, used 2701K [0x00000000d5580000, 0x00000000d5a00000, 0x0000000100000000)
  eden space 2048K, 95% used [0x00000000d5580000,0x00000000d576b540,0x00000000d5780000)
  from space 1536K, 47% used [0x00000000d5780000,0x00000000d5838000,0x00000000d5900000)
  to   space 1024K, 0% used [0x00000000d5900000,0x00000000d5900000,0x00000000d5a00000)
 ParOldGen       total 251904K, used 251450K [0x0000000080000000, 0x000000008f600000, 0x00000000d5580000)
  object space 251904K, 99% used [0x0000000080000000,0x000000008f58e890,0x000000008f600000)
 Metaspace       used 74446K, committed 76032K, reserved 1179648K
  class space    used 8040K, committed 8704K, reserved 1048576K
GC Heap History (20 events):
Event: 3210.330 GC heap before
{Heap before GC invocations=337 (full 3):
 PSYoungGen      total 3584K, used 3424K [0x00000000d5580000, 0x00000000d5a80000, 0x0000000100000000)
  eden space 2048K, 99% used [0x00000000d5580000,0x00000000d577fff0,0x00000000d5780000)
  from space 1536K, 89% used [0x00000000d5780000,0x00000000d58d8020,0x00000000d5900000)
  to   space 1536K, 0% used [0x00000000d5900000,0x00000000d5900000,0x00000000d5a80000)
 ParOldGen       total 242688K, used 242392K [0x0000000080000000, 0x000000008ed00000, 0x00000000d5580000)
  object space 242688K, 99% used [0x0000000080000000,0x000000008ecb63a0,0x000000008ed00000)
 Metaspace       used 74386K, committed 75968K, reserved 1179648K
  class space    used 8036K, committed 8704K, reserved 1048576K
}
Event: 3210.335 GC heap after
{Heap after GC invocations=337 (full 3):
 PSYoungGen      total 3584K, used 1118K [0x00000000d5580000, 0x00000000d5b00000, 0x0000000100000000)
  eden space 2048K, 0% used [0x00000000d5580000,0x00000000d5580000,0x00000000d5780000)
  from space 1536K, 72% used [0x00000000d5900000,0x00000000d5a17960,0x00000000d5a80000)
  to   space 1536K, 0% used [0x00000000d5780000,0x00000000d5780000,0x00000000d5900000)
 ParOldGen       total 243712K, used 243595K [0x0000000080000000, 0x000000008ee00000, 0x00000000d5580000)
  object space 243712K, 99% used [0x0000000080000000,0x000000008ede2cc0,0x000000008ee00000)
 Metaspace       used 74386K, committed 75968K, reserved 1179648K
  class space    used 8036K, committed 8704K, reserved 1048576K
}
Event: 3210.341 GC heap before
{Heap before GC invocations=338 (full 3):
 PSYoungGen      total 3584K, used 3166K [0x00000000d5580000, 0x00000000d5b00000, 0x0000000100000000)
  eden space 2048K, 99% used [0x00000000d5580000,0x00000000d577fff0,0x00000000d5780000)
  from space 1536K, 72% used [0x00000000d5900000,0x00000000d5a17960,0x00000000d5a80000)
  to   space 1536K, 0% used [0x00000000d5780000,0x00000000d5780000,0x00000000d5900000)
 ParOldGen       total 243712K, used 243595K [0x0000000080000000, 0x000000008ee00000, 0x00000000d5580000)
  object space 243712K, 99% used [0x0000000080000000,0x000000008ede2cc0,0x000000008ee00000)
 Metaspace       used 74389K, committed 75968K, reserved 1179648K
  class space    used 8036K, committed 8704K, reserved 1048576K
}
Event: 3210.346 GC heap after
{Heap after GC invocations=338 (full 3):
 PSYoungGen      total 3584K, used 1120K [0x00000000d5580000, 0x00000000d5b00000, 0x0000000100000000)
  eden space 2048K, 0% used [0x00000000d5580000,0x00000000d5580000,0x00000000d5780000)
  from space 1536K, 72% used [0x00000000d5780000,0x00000000d5898000,0x00000000d5900000)
  to   space 1536K, 0% used [0x00000000d5980000,0x00000000d5980000,0x00000000d5b00000)
 ParOldGen       total 244736K, used 244465K [0x0000000080000000, 0x000000008ef00000, 0x00000000d5580000)
  object space 244736K, 99% used [0x0000000080000000,0x000000008eebc620,0x000000008ef00000)
 Metaspace       used 74389K, committed 75968K, reserved 1179648K
  class space    used 8036K, committed 8704K, reserved 1048576K
}
Event: 3210.363 GC heap before
{Heap before GC invocations=339 (full 3):
 PSYoungGen      total 3584K, used 3168K [0x00000000d5580000, 0x00000000d5b00000, 0x0000000100000000)
  eden space 2048K, 100% used [0x00000000d5580000,0x00000000d5780000,0x00000000d5780000)
  from space 1536K, 72% used [0x00000000d5780000,0x00000000d5898000,0x00000000d5900000)
  to   space 1536K, 0% used [0x00000000d5980000,0x00000000d5980000,0x00000000d5b00000)
 ParOldGen       total 244736K, used 244465K [0x0000000080000000, 0x000000008ef00000, 0x00000000d5580000)
  object space 244736K, 99% used [0x0000000080000000,0x000000008eebc620,0x000000008ef00000)
 Metaspace       used 74406K, committed 75968K, reserved 1179648K
  class space    used 8036K, committed 8704K, reserved 1048576K
}
Event: 3210.366 GC heap after
{Heap after GC invocations=339 (full 3):
 PSYoungGen      total 2048K, used 1536K [0x00000000d5580000, 0x00000000d5f00000, 0x0000000100000000)
  eden space 512K, 0% used [0x00000000d5580000,0x00000000d5580000,0x00000000d5600000)
  from space 1536K, 100% used [0x00000000d5980000,0x00000000d5b00000,0x00000000d5b00000)
  to   space 3584K, 0% used [0x00000000d5600000,0x00000000d5600000,0x00000000d5980000)
 ParOldGen       total 246272K, used 245817K [0x0000000080000000, 0x000000008f080000, 0x00000000d5580000)
  object space 246272K, 99% used [0x0000000080000000,0x000000008f00e620,0x000000008f080000)
 Metaspace       used 74406K, committed 75968K, reserved 1179648K
  class space    used 8036K, committed 8704K, reserved 1048576K
}
Event: 3210.371 GC heap before
{Heap before GC invocations=340 (full 3):
 PSYoungGen      total 2048K, used 2048K [0x00000000d5580000, 0x00000000d5f00000, 0x0000000100000000)
  eden space 512K, 100% used [0x00000000d5580000,0x00000000d5600000,0x00000000d5600000)
  from space 1536K, 100% used [0x00000000d5980000,0x00000000d5b00000,0x00000000d5b00000)
  to   space 3584K, 0% used [0x00000000d5600000,0x00000000d5600000,0x00000000d5980000)
 ParOldGen       total 246272K, used 245817K [0x0000000080000000, 0x000000008f080000, 0x00000000d5580000)
  object space 246272K, 99% used [0x0000000080000000,0x000000008f00e620,0x000000008f080000)
 Metaspace       used 74406K, committed 75968K, reserved 1179648K
  class space    used 8036K, committed 8704K, reserved 1048576K
}
Event: 3210.374 GC heap after
{Heap after GC invocations=340 (full 3):
 PSYoungGen      total 1536K, used 544K [0x00000000d5580000, 0x00000000d5a00000, 0x0000000100000000)
  eden space 512K, 0% used [0x00000000d5580000,0x00000000d5580000,0x00000000d5600000)
  from space 1024K, 53% used [0x00000000d5600000,0x00000000d5688000,0x00000000d5700000)
  to   space 1536K, 0% used [0x00000000d5880000,0x00000000d5880000,0x00000000d5a00000)
 ParOldGen       total 247808K, used 247369K [0x0000000080000000, 0x000000008f200000, 0x00000000d5580000)
  object space 247808K, 99% used [0x0000000080000000,0x000000008f192620,0x000000008f200000)
 Metaspace       used 74406K, committed 75968K, reserved 1179648K
  class space    used 8036K, committed 8704K, reserved 1048576K
}
Event: 3210.383 GC heap before
{Heap before GC invocations=341 (full 3):
 PSYoungGen      total 1536K, used 1056K [0x00000000d5580000, 0x00000000d5a00000, 0x0000000100000000)
  eden space 512K, 100% used [0x00000000d5580000,0x00000000d5600000,0x00000000d5600000)
  from space 1024K, 53% used [0x00000000d5600000,0x00000000d5688000,0x00000000d5700000)
  to   space 1536K, 0% used [0x00000000d5880000,0x00000000d5880000,0x00000000d5a00000)
 ParOldGen       total 247808K, used 247369K [0x0000000080000000, 0x000000008f200000, 0x00000000d5580000)
  object space 247808K, 99% used [0x0000000080000000,0x000000008f192620,0x000000008f200000)
 Metaspace       used 74406K, committed 75968K, reserved 1179648K
  class space    used 8036K, committed 8704K, reserved 1048576K
}
Event: 3210.387 GC heap after
{Heap after GC invocations=341 (full 3):
 PSYoungGen      total 1536K, used 352K [0x00000000d5580000, 0x00000000d5900000, 0x0000000100000000)
  eden space 1024K, 0% used [0x00000000d5580000,0x00000000d5580000,0x00000000d5680000)
  from space 512K, 68% used [0x00000000d5880000,0x00000000d58d8000,0x00000000d5900000)
  to   space 1024K, 0% used [0x00000000d5700000,0x00000000d5700000,0x00000000d5800000)
 ParOldGen       total 247808K, used 247769K [0x0000000080000000, 0x000000008f200000, 0x00000000d5580000)
  object space 247808K, 99% used [0x0000000080000000,0x000000008f1f6620,0x000000008f200000)
 Metaspace       used 74406K, committed 75968K, reserved 1179648K
  class space    used 8036K, committed 8704K, reserved 1048576K
}
Event: 3210.394 GC heap before
{Heap before GC invocations=342 (full 3):
 PSYoungGen      total 1536K, used 1338K [0x00000000d5580000, 0x00000000d5900000, 0x0000000100000000)
  eden space 1024K, 96% used [0x00000000d5580000,0x00000000d56769d8,0x00000000d5680000)
  from space 512K, 68% used [0x00000000d5880000,0x00000000d58d8000,0x00000000d5900000)
  to   space 1024K, 0% used [0x00000000d5700000,0x00000000d5700000,0x00000000d5800000)
 ParOldGen       total 247808K, used 247769K [0x0000000080000000, 0x000000008f200000, 0x00000000d5580000)
  object space 247808K, 99% used [0x0000000080000000,0x000000008f1f6620,0x000000008f200000)
 Metaspace       used 74406K, committed 75968K, reserved 1179648K
  class space    used 8036K, committed 8704K, reserved 1048576K
}
Event: 3210.395 GC heap after
{Heap after GC invocations=342 (full 3):
 PSYoungGen      total 2560K, used 288K [0x00000000d5580000, 0x00000000d5900000, 0x0000000100000000)
  eden space 1536K, 0% used [0x00000000d5580000,0x00000000d5580000,0x00000000d5700000)
  from space 1024K, 28% used [0x00000000d5700000,0x00000000d5748000,0x00000000d5800000)
  to   space 512K, 0% used [0x00000000d5880000,0x00000000d5880000,0x00000000d5900000)
 ParOldGen       total 248320K, used 247857K [0x0000000080000000, 0x000000008f280000, 0x00000000d5580000)
  object space 248320K, 99% used [0x0000000080000000,0x000000008f20c620,0x000000008f280000)
 Metaspace       used 74406K, committed 75968K, reserved 1179648K
  class space    used 8036K, committed 8704K, reserved 1048576K
}
Event: 3210.400 GC heap before
{Heap before GC invocations=343 (full 3):
 PSYoungGen      total 2560K, used 1824K [0x00000000d5580000, 0x00000000d5900000, 0x0000000100000000)
  eden space 1536K, 100% used [0x00000000d5580000,0x00000000d5700000,0x00000000d5700000)
  from space 1024K, 28% used [0x00000000d5700000,0x00000000d5748000,0x00000000d5800000)
  to   space 512K, 0% used [0x00000000d5880000,0x00000000d5880000,0x00000000d5900000)
 ParOldGen       total 248320K, used 247857K [0x0000000080000000, 0x000000008f280000, 0x00000000d5580000)
  object space 248320K, 99% used [0x0000000080000000,0x000000008f20c620,0x000000008f280000)
 Metaspace       used 74407K, committed 75968K, reserved 1179648K
  class space    used 8036K, committed 8704K, reserved 1048576K
}
Event: 3210.405 GC heap after
{Heap after GC invocations=343 (full 3):
 PSYoungGen      total 2048K, used 510K [0x00000000d5580000, 0x00000000d5a80000, 0x0000000100000000)
  eden space 1536K, 0% used [0x00000000d5580000,0x00000000d5580000,0x00000000d5700000)
  from space 512K, 99% used [0x00000000d5880000,0x00000000d58ff960,0x00000000d5900000)
  to   space 1536K, 0% used [0x00000000d5700000,0x00000000d5700000,0x00000000d5880000)
 ParOldGen       total 248832K, used 248539K [0x0000000080000000, 0x000000008f300000, 0x00000000d5580000)
  object space 248832K, 99% used [0x0000000080000000,0x000000008f2b6f30,0x000000008f300000)
 Metaspace       used 74407K, committed 75968K, reserved 1179648K
  class space    used 8036K, committed 8704K, reserved 1048576K
}
Event: 3210.408 GC heap before
{Heap before GC invocations=344 (full 3):
 PSYoungGen      total 2048K, used 2046K [0x00000000d5580000, 0x00000000d5a80000, 0x0000000100000000)
  eden space 1536K, 100% used [0x00000000d5580000,0x00000000d5700000,0x00000000d5700000)
  from space 512K, 99% used [0x00000000d5880000,0x00000000d58ff960,0x00000000d5900000)
  to   space 1536K, 0% used [0x00000000d5700000,0x00000000d5700000,0x00000000d5880000)
 ParOldGen       total 248832K, used 248539K [0x0000000080000000, 0x000000008f300000, 0x00000000d5580000)
  object space 248832K, 99% used [0x0000000080000000,0x000000008f2b6f30,0x000000008f300000)
 Metaspace       used 74407K, committed 75968K, reserved 1179648K
  class space    used 8036K, committed 8704K, reserved 1048576K
}
Event: 3210.410 GC heap after
{Heap after GC invocations=344 (full 3):
 PSYoungGen      total 3072K, used 1280K [0x00000000d5580000, 0x00000000d5a80000, 0x0000000100000000)
  eden space 1536K, 0% used [0x00000000d5580000,0x00000000d5580000,0x00000000d5700000)
  from space 1536K, 83% used [0x00000000d5700000,0x00000000d5840000,0x00000000d5880000)
  to   space 1536K, 0% used [0x00000000d5900000,0x00000000d5900000,0x00000000d5a80000)
 ParOldGen       total 249344K, used 249034K [0x0000000080000000, 0x000000008f380000, 0x00000000d5580000)
  object space 249344K, 99% used [0x0000000080000000,0x000000008f332890,0x000000008f380000)
 Metaspace       used 74407K, committed 75968K, reserved 1179648K
  class space    used 8036K, committed 8704K, reserved 1048576K
}
Event: 3210.413 GC heap before
{Heap before GC invocations=345 (full 3):
 PSYoungGen      total 3072K, used 2816K [0x00000000d5580000, 0x00000000d5a80000, 0x0000000100000000)
  eden space 1536K, 100% used [0x00000000d5580000,0x00000000d5700000,0x00000000d5700000)
  from space 1536K, 83% used [0x00000000d5700000,0x00000000d5840000,0x00000000d5880000)
  to   space 1536K, 0% used [0x00000000d5900000,0x00000000d5900000,0x00000000d5a80000)
 ParOldGen       total 249344K, used 249034K [0x0000000080000000, 0x000000008f380000, 0x00000000d5580000)
  object space 249344K, 99% used [0x0000000080000000,0x000000008f332890,0x000000008f380000)
 Metaspace       used 74407K, committed 75968K, reserved 1179648K
  class space    used 8036K, committed 8704K, reserved 1048576K
}
Event: 3210.415 GC heap after
{Heap after GC invocations=345 (full 3):
 PSYoungGen      total 3584K, used 1376K [0x00000000d5580000, 0x00000000d5a80000, 0x0000000100000000)
  eden space 2048K, 0% used [0x00000000d5580000,0x00000000d5580000,0x00000000d5780000)
  from space 1536K, 89% used [0x00000000d5900000,0x00000000d5a58000,0x00000000d5a80000)
  to   space 1536K, 0% used [0x00000000d5780000,0x00000000d5780000,0x00000000d5900000)
 ParOldGen       total 250368K, used 250178K [0x0000000080000000, 0x000000008f480000, 0x00000000d5580000)
  object space 250368K, 99% used [0x0000000080000000,0x000000008f450890,0x000000008f480000)
 Metaspace       used 74407K, committed 75968K, reserved 1179648K
  class space    used 8036K, committed 8704K, reserved 1048576K
}
Event: 4077.307 GC heap before
{Heap before GC invocations=346 (full 3):
 PSYoungGen      total 3584K, used 3424K [0x00000000d5580000, 0x00000000d5a80000, 0x0000000100000000)
  eden space 2048K, 100% used [0x00000000d5580000,0x00000000d5780000,0x00000000d5780000)
  from space 1536K, 89% used [0x00000000d5900000,0x00000000d5a58000,0x00000000d5a80000)
  to   space 1536K, 0% used [0x00000000d5780000,0x00000000d5780000,0x00000000d5900000)
 ParOldGen       total 250368K, used 250178K [0x0000000080000000, 0x000000008f480000, 0x00000000d5580000)
  object space 250368K, 99% used [0x0000000080000000,0x000000008f450890,0x000000008f480000)
 Metaspace       used 74435K, committed 76032K, reserved 1179648K
  class space    used 8040K, committed 8704K, reserved 1048576K
}
Event: 4077.408 GC heap after
{Heap after GC invocations=346 (full 3):
 PSYoungGen      total 3584K, used 736K [0x00000000d5580000, 0x00000000d5a00000, 0x0000000100000000)
  eden space 2048K, 0% used [0x00000000d5580000,0x00000000d5580000,0x00000000d5780000)
  from space 1536K, 47% used [0x00000000d5780000,0x00000000d5838000,0x00000000d5900000)
  to   space 1024K, 0% used [0x00000000d5900000,0x00000000d5900000,0x00000000d5a00000)
 ParOldGen       total 251904K, used 251450K [0x0000000080000000, 0x000000008f600000, 0x00000000d5580000)
  object space 251904K, 99% used [0x0000000080000000,0x000000008f58e890,0x000000008f600000)
 Metaspace       used 74435K, committed 76032K, reserved 1179648K
  class space    used 8040K, committed 8704K, reserved 1048576K
}

